<?xml version="1.0" encoding="UTF-8"?>
<!-- Generated by org.testng.reporters.JUnitReportReporter -->
<testsuite hostname="DESKTOP-R9D2SNO" failures="0" tests="3" name="listeners.TestNGListenerDemo" time="0.039" errors="0" timestamp="2023-07-27T13:04:18 EDT" skipped="0">
  <testcase classname="listeners.TestNGListenerDemo" name="test3" time="0.009"/>
  <testcase classname="listeners.TestNGListenerDemo" name="test1" time="0.025"/>
  <testcase classname="listeners.TestNGListenerDemo" name="test2" time="0.005"/>
</testsuite> <!-- listeners.TestNGListenerDemo -->
