<?xml version="1.0" encoding="UTF-8"?>
<!-- Generated by org.testng.reporters.JUnitReportReporter -->
<testsuite hostname="DESKTOP-R9D2SNO" failures="0" tests="1" name="test.TestNG_demo" time="10.341" errors="0" timestamp="2023-07-15T21:43:28 EDT" skipped="0">
  <testcase classname="test.TestNG_demo" name="GoogleSearch" time="10.341"/>
</testsuite> <!-- test.TestNG_demo -->
